<?xml version="1.0" encoding="UTF-8"?>
<TestRun id="adda0bb0-2ab5-48b0-b4c1-6e655bacf2d5" name="shingo@SHINGO-PC 2013-03-26 16:55:55" runUser="shingo-PC\shingo" xmlns="http://microsoft.com/schemas/VisualStudio/TeamTest/2010">
  <TestSettings name="本機" id="9f0738f3-28de-4c30-9774-93311bce5bff">
    <Description>這些是本機測試回合的預設測試設定。</Description>
    <Deployment enabled="false" runDeploymentRoot="shingo_SHINGO-PC 2013-03-26 16_55_55">
      <DeploymentItem filename="C:\SVN\Standard\JBMODULE.MESSAGE\bin\Debug\JBModule.Message.dll" />
      <DeploymentItem filename="C:\SVN\Customer\HOLYSTONE\元件\Dal\bin\Debug\Dal.dll" />
      <DeploymentItem filename="C:\SVN\Customer\HOLYSTONE\元件\JBMODULE.DATA\JBModule.Data.Linq\bin\Debug\JBModule.Data.dll" />
      <DeploymentItem filename="C:\SVN\Customer\HOLYSTONE\工具程式\JBHR_CardCollector\JBHR_CardCollector\bin\Debug\JBHR_CardCollector.exe" />
      <DeploymentItem filename="C:\SVN\Standard\JBTools\bin\Debug\JBTools.dll" />
      <DeploymentItem filename="C:\SVN\Standard\JBModule\JBModule\bin\Debug\JBModule.dll" />
    </Deployment>
    <Execution>
      <TestTypeSpecific />
      <AgentRule name="Execution Agents">
      </AgentRule>
    </Execution>
  </TestSettings>
  <Times creation="2013-03-26T16:55:55.7724345+08:00" queuing="2013-03-26T16:55:55.8034362+08:00" start="2013-03-26T16:55:55.8094366+08:00" finish="2013-03-26T16:55:57.8865554+08:00" />
  <ResultSummary outcome="Inconclusive">
    <Counters total="1" executed="1" error="0" failed="0" timeout="0" aborted="0" inconclusive="1" passedButRunAborted="0" notRunnable="0" notExecuted="0" disconnected="0" warning="0" passed="0" completed="0" inProgress="0" pending="0" />
  </ResultSummary>
  <TestDefinitions>
    <UnitTest name="CardReadConstructorTest" storage="c:\svn\customer\holystone\工具程式\jbhr_cardcollector\testproject1\bin\debug\testproject1.dll" id="c76abb8a-d835-680a-fcbd-1e35cdec3c85">
      <Execution id="21a9b5a9-bdd6-401d-bbbb-c1dea57e4fe2" />
      <TestMethod codeBase="C:/SVN/Customer/HOLYSTONE/工具程式/JBHR_CardCollector/TestProject1/bin/Debug/TestProject1.DLL" adapterTypeName="Microsoft.VisualStudio.TestTools.TestTypes.Unit.UnitTestAdapter, Microsoft.VisualStudio.QualityTools.Tips.UnitTest.Adapter, Version=10.0.0.0, Culture=neutral, PublicKeyToken=b03f5f7f11d50a3a" className="TestProject1.CardReadTest, TestProject1, Version=1.0.0.0, Culture=neutral, PublicKeyToken=null" name="CardReadConstructorTest" />
    </UnitTest>
  </TestDefinitions>
  <TestLists>
    <TestList name="不在清單中的結果" id="8c84fa94-04c1-424b-9868-57a2d4851a1d" />
    <TestList name="所有載入的結果" id="19431567-8539-422a-85d7-44ee4e166bda" />
  </TestLists>
  <TestEntries>
    <TestEntry testId="c76abb8a-d835-680a-fcbd-1e35cdec3c85" executionId="21a9b5a9-bdd6-401d-bbbb-c1dea57e4fe2" testListId="8c84fa94-04c1-424b-9868-57a2d4851a1d" />
  </TestEntries>
  <Results>
    <UnitTestResult executionId="21a9b5a9-bdd6-401d-bbbb-c1dea57e4fe2" testId="c76abb8a-d835-680a-fcbd-1e35cdec3c85" testName="CardReadConstructorTest" computerName="SHINGO-PC" duration="00:00:00.3485025" startTime="2013-03-26T16:55:55.8114367+08:00" endTime="2013-03-26T16:55:56.3704687+08:00" testType="13cdc9d9-ddb5-4fa4-a97d-d965ccfc6d4b" outcome="Inconclusive" testListId="8c84fa94-04c1-424b-9868-57a2d4851a1d" relativeResultsDirectory="21a9b5a9-bdd6-401d-bbbb-c1dea57e4fe2">
      <Output>
        <ErrorInfo>
          <Message>Assert.Inconclusive 失敗。TODO: 實作程式碼以驗證目標</Message>
          <StackTrace>   於 TestProject1.CardReadTest.CardReadConstructorTest() 於 C:\SVN\Customer\HOLYSTONE\工具程式\JBHR_CardCollector\TestProject1\CardReadTest.cs: 行 80
</StackTrace>
        </ErrorInfo>
      </Output>
    </UnitTestResult>
  </Results>
</TestRun>