<?xml version="1.0" encoding="UTF-8"?>
<TestRun id="bbd192ee-2917-4909-b3d7-b43276e56cd6" name="SHINGO@SHINGO-PC 2013-06-06 20:47:42" runUser="SHINGO-PC\SHINGO" xmlns="http://microsoft.com/schemas/VisualStudio/TeamTest/2010">
  <TestSettings name="追蹤及測試影響" id="5325b81d-ab78-4e9a-9572-9da61b0ffa3d">
    <Description>這些是追蹤及測試影響的測試設定。</Description>
    <Deployment runDeploymentRoot="SHINGO_SHINGO-PC 2013-06-06 20_47_42">
      <DeploymentItem filename="D:\備份區\SVN\Customer\HOLYSTONE\元件\JBMODULE.DATA\JBModule.Data.Linq\bin\Debug\JBModule.Data.dll" />
      <DeploymentItem filename="D:\備份區\SVN\Standard\JBMODULE.MESSAGE\bin\Debug\JBModule.Message.dll" />
      <DeploymentItem filename="D:\備份區\SVN\Standard\JBModule\JBModule\bin\Debug\JBModule.dll" />
      <DeploymentItem filename="D:\SVN\Standard\ThirdPartyLib\JSON\Net40\Newtonsoft.Json.dll" />
      <DeploymentItem filename="D:\備份區\SVN\Standard\JBTools\bin\Debug\JBTools.dll" />
      <DeploymentItem filename="D:\備份區\SVN\Standard\JBHR.BLL\Nylok-JBHR.BLL-Branch\bin\Debug\JBHR.BLL.dll" />
      <DeploymentItem filename="D:\備份區\SVN\Customer\HOLYSTONE\元件\JBHR.DLL\bin\Debug\JBHR.Dll.dll" />
    </Deployment>
    <Execution>
      <TestTypeSpecific />
      <AgentRule name="Execution Agents">
        <DataCollectors>
          <DataCollector uri="datacollector://microsoft/SystemInfo/1.0" assemblyQualifiedName="Microsoft.VisualStudio.TestTools.DataCollection.SystemInfo.SystemInfoDataCollector, Microsoft.VisualStudio.TestTools.DataCollection.SystemInfo, Version=10.0.0.0, Culture=neutral, PublicKeyToken=b03f5f7f11d50a3a" friendlyName="系統資訊">
          </DataCollector>
          <DataCollector uri="datacollector://microsoft/ActionLog/1.0" assemblyQualifiedName="Microsoft.VisualStudio.TestTools.ManualTest.ActionLog.ActionLogPlugin, Microsoft.VisualStudio.TestTools.ManualTest.ActionLog, Version=10.0.0.0, Culture=neutral, PublicKeyToken=b03f5f7f11d50a3a" friendlyName="動作">
          </DataCollector>
          <DataCollector uri="datacollector://microsoft/HttpProxy/1.0" assemblyQualifiedName="Microsoft.VisualStudio.TraceCollector.HttpProxyCollector, Microsoft.VisualStudio.TraceCollector, Version=10.0.0.0, Culture=neutral, PublicKeyToken=b03f5f7f11d50a3a" friendlyName="用於 IntelliTrace 及測試影響的 ASP.NET 用戶端 Proxy">
          </DataCollector>
          <DataCollector uri="datacollector://microsoft/TestImpact/1.0" assemblyQualifiedName="Microsoft.VisualStudio.TraceCollector.TestImpactDataCollector, Microsoft.VisualStudio.TraceCollector, Version=10.0.0.0, Culture=neutral, PublicKeyToken=b03f5f7f11d50a3a" friendlyName="測試影響">
          </DataCollector>
          <DataCollector uri="datacollector://microsoft/TraceDebugger/1.0" assemblyQualifiedName="Microsoft.VisualStudio.TraceCollector.TraceDebuggerDataCollector, Microsoft.VisualStudio.TraceCollector, Version=10.0.0.0, Culture=neutral, PublicKeyToken=b03f5f7f11d50a3a" friendlyName="IntelliTrace">
          </DataCollector>
        </DataCollectors>
      </AgentRule>
    </Execution>
  </TestSettings>
  <Times creation="2013-06-06T20:47:42.9215459+08:00" queuing="2013-06-06T20:47:43.3875725+08:00" start="2013-06-06T20:47:42.9215459+08:00" finish="2013-06-06T20:47:45.4216889+08:00" />
  <ResultSummary outcome="NotExecuted">
    <Counters total="1" error="0" failed="0" timeout="0" aborted="0" inconclusive="0" passedButRunAborted="0" notRunnable="0" notExecuted="1" disconnected="0" warning="0" passed="0" completed="0" inProgress="0" pending="0" />
    <RunInfos>
      <RunInfo computerName="SHINGO-PC" outcome="Warning" timestamp="2013-06-06T20:47:45.4176887+08:00">
        <Text>測試回合 'SHINGO@SHINGO-PC 2013-06-06 20:47:42' 無法執行。測試回合在等候測試代理程式初始化時已經停止或中止。</Text>
        <Exception>Microsoft.VisualStudio.TestTools.Exceptions.RigExecutionException: 測試回合在等候測試代理程式初始化時已經停止或中止。
   於 Microsoft.VisualStudio.TestTools.Controller.ControllerExecution.SyncAllExecutionAgentsReady()
   於 Microsoft.VisualStudio.TestTools.Controller.ControllerExecution.RunStateStarting()</Exception>
      </RunInfo>
      <RunInfo computerName="SHINGO-PC" outcome="Warning" timestamp="2013-06-06T20:47:45.4216889+08:00">
        <Text>並未將物件參考設定為物件的執行個體。</Text>
        <Exception>System.NullReferenceException: 並未將物件參考設定為物件的執行個體。
   於 Microsoft.VisualStudio.TestTools.Agent.AgentProcessManager.Microsoft.VisualStudio.TestTools.Agent.IAgentObject.StopTests()
   於 Microsoft.VisualStudio.TestTools.Agent.RemoteAgentObjectWrapper.&lt;StopTests&gt;b__23(IAgentObject agent)
   於 Microsoft.VisualStudio.TestTools.Execution.RemoteObjectContainer`1.InvokeAsRemoteUser(Action`1 invoke)
   於 Microsoft.VisualStudio.TestTools.Agent.RemoteAgentObjectWrapper.StopTests()
   於 Microsoft.VisualStudio.TestTools.Controller.AgentMachine.StopTestRun(Guid runId)
   於 Microsoft.VisualStudio.TestTools.Controller.ControllerExecution.&lt;DoStopTestRun&gt;b__f(ICollectorMachine collectorMachine)
   於 Microsoft.VisualStudio.TestTools.Controller.ControllerExecution.DoStopOrAbortTestRun(Action`1 stop, String actionName)</Exception>
      </RunInfo>
    </RunInfos>
  </ResultSummary>
  <TestDefinitions>
    <UnitTest name="GetNotifyEventTest" storage="d:\備份區\svn\customer\holystone\人事薪系統\禾伸堂人事薪資系統\absrepo_testproject\bin\debug\absrepo_testproject.dll" id="39bc7378-b020-2c2c-eb65-a2efa7624458">
      <Execution id="4126d38d-87f3-4376-b3fa-000d87e30438" />
      <TestMethod codeBase="D:/備份區/SVN/Customer/HOLYSTONE/人事薪系統/禾伸堂人事薪資系統/AbsRepo_TestProject/bin/Debug/AbsRepo_TestProject.DLL" adapterTypeName="Microsoft.VisualStudio.TestTools.TestTypes.Unit.UnitTestAdapter, Microsoft.VisualStudio.QualityTools.Tips.UnitTest.Adapter, Version=10.0.0.0, Culture=neutral, PublicKeyToken=b03f5f7f11d50a3a" className="AbsRepo_TestProject.TrialExpireNotifyObjectTest, AbsRepo_TestProject, Version=1.0.0.0, Culture=neutral, PublicKeyToken=null" name="GetNotifyEventTest" />
    </UnitTest>
  </TestDefinitions>
  <TestLists>
    <TestList name="不在清單中的結果" id="8c84fa94-04c1-424b-9868-57a2d4851a1d" />
    <TestList name="所有載入的結果" id="19431567-8539-422a-85d7-44ee4e166bda" />
  </TestLists>
  <TestEntries>
    <TestEntry testId="39bc7378-b020-2c2c-eb65-a2efa7624458" executionId="4126d38d-87f3-4376-b3fa-000d87e30438" testListId="8c84fa94-04c1-424b-9868-57a2d4851a1d" />
  </TestEntries>
  <Results>
    <UnitTestResult executionId="4126d38d-87f3-4376-b3fa-000d87e30438" testId="39bc7378-b020-2c2c-eb65-a2efa7624458" testName="GetNotifyEventTest" computerName="SHINGO-PC" testType="13cdc9d9-ddb5-4fa4-a97d-d965ccfc6d4b" outcome="NotExecuted" testListId="8c84fa94-04c1-424b-9868-57a2d4851a1d" relativeResultsDirectory="4126d38d-87f3-4376-b3fa-000d87e30438">
    </UnitTestResult>
  </Results>
</TestRun>