<?xml version="1.0" encoding="UTF-8"?>
<TestRun id="1795614f-f8f3-465a-ae50-caeff4d599aa" name="SHINGO@SHINGO-PC 2013-06-07 13:44:58" runUser="SHINGO-PC\SHINGO" xmlns="http://microsoft.com/schemas/VisualStudio/TeamTest/2010">
  <TestSettings name="追蹤及測試影響" id="5325b81d-ab78-4e9a-9572-9da61b0ffa3d">
    <Description>這些是追蹤及測試影響的測試設定。</Description>
    <Deployment userDeploymentRoot="D:\備份區\SVN\Customer\HOLYSTONE\人事薪系統\禾伸堂人事薪資系統\TestResults" useDefaultDeploymentRoot="false" runDeploymentRoot="SHINGO_SHINGO-PC 2013-06-07 13_44_58">
      <DeploymentItem filename="D:\備份區\SVN\Customer\HOLYSTONE\元件\JBMODULE.DATA\JBModule.Data.Linq\bin\Debug\JBModule.Data.dll" />
      <DeploymentItem filename="D:\備份區\SVN\Standard\JBMODULE.MESSAGE\bin\Debug\JBModule.Message.dll" />
      <DeploymentItem filename="D:\備份區\SVN\Standard\JBModule\JBModule\bin\Debug\JBModule.dll" />
      <DeploymentItem filename="D:\SVN\Standard\ThirdPartyLib\JSON\Net40\Newtonsoft.Json.dll" />
      <DeploymentItem filename="D:\備份區\SVN\Standard\JBTools\bin\Debug\JBTools.dll" />
      <DeploymentItem filename="D:\備份區\SVN\Standard\JBHR.BLL\Nylok-JBHR.BLL-Branch\bin\Debug\JBHR.BLL.dll" />
      <DeploymentItem filename="D:\備份區\SVN\Customer\HOLYSTONE\元件\JBHR.DLL\bin\Debug\JBHR.Dll.dll" />
    </Deployment>
    <Execution>
      <TestTypeSpecific />
      <AgentRule name="Execution Agents">
        <DataCollectors>
          <DataCollector uri="datacollector://microsoft/SystemInfo/1.0" assemblyQualifiedName="Microsoft.VisualStudio.TestTools.DataCollection.SystemInfo.SystemInfoDataCollector, Microsoft.VisualStudio.TestTools.DataCollection.SystemInfo, Version=10.0.0.0, Culture=neutral, PublicKeyToken=b03f5f7f11d50a3a" friendlyName="系統資訊">
          </DataCollector>
          <DataCollector uri="datacollector://microsoft/ActionLog/1.0" assemblyQualifiedName="Microsoft.VisualStudio.TestTools.ManualTest.ActionLog.ActionLogPlugin, Microsoft.VisualStudio.TestTools.ManualTest.ActionLog, Version=10.0.0.0, Culture=neutral, PublicKeyToken=b03f5f7f11d50a3a" friendlyName="動作">
          </DataCollector>
          <DataCollector uri="datacollector://microsoft/HttpProxy/1.0" assemblyQualifiedName="Microsoft.VisualStudio.TraceCollector.HttpProxyCollector, Microsoft.VisualStudio.TraceCollector, Version=10.0.0.0, Culture=neutral, PublicKeyToken=b03f5f7f11d50a3a" friendlyName="用於 IntelliTrace 及測試影響的 ASP.NET 用戶端 Proxy">
          </DataCollector>
          <DataCollector uri="datacollector://microsoft/TestImpact/1.0" assemblyQualifiedName="Microsoft.VisualStudio.TraceCollector.TestImpactDataCollector, Microsoft.VisualStudio.TraceCollector, Version=10.0.0.0, Culture=neutral, PublicKeyToken=b03f5f7f11d50a3a" friendlyName="測試影響">
          </DataCollector>
          <DataCollector uri="datacollector://microsoft/TraceDebugger/1.0" assemblyQualifiedName="Microsoft.VisualStudio.TraceCollector.TraceDebuggerDataCollector, Microsoft.VisualStudio.TraceCollector, Version=10.0.0.0, Culture=neutral, PublicKeyToken=b03f5f7f11d50a3a" friendlyName="IntelliTrace">
          </DataCollector>
        </DataCollectors>
      </AgentRule>
    </Execution>
  </TestSettings>
  <Times creation="2013-06-07T13:44:58.2299652+08:00" queuing="2013-06-07T13:44:58.4369770+08:00" start="2013-06-07T13:45:02.6882202+08:00" finish="2013-06-07T13:50:20.1203763+08:00" />
  <ResultSummary outcome="Error">
    <Counters total="1" executed="1" error="0" failed="0" timeout="0" aborted="1" inconclusive="0" passedButRunAborted="0" notRunnable="0" notExecuted="0" disconnected="0" warning="0" passed="0" completed="0" inProgress="0" pending="0" />
    <RunInfos>
      <RunInfo computerName="SHINGO-PC" outcome="Error" timestamp="2013-06-07T13:50:20.1163760+08:00">
        <Text>測試主機處理序在未預期的情況下結束。</Text>
      </RunInfo>
    </RunInfos>
  </ResultSummary>
  <TestDefinitions>
    <UnitTest name="CheckNotifyAutoTest1" storage="d:\備份區\svn\customer\holystone\人事薪系統\禾伸堂人事薪資系統\absrepo_testproject\bin\debug\absrepo_testproject.dll" id="5d7baa8b-5d2f-093a-c496-bc25072f3e4d">
      <Execution id="0afa1ca4-9434-49df-abd5-f4586c36e4ae" />
      <TestMethod codeBase="D:/備份區/SVN/Customer/HOLYSTONE/人事薪系統/禾伸堂人事薪資系統/AbsRepo_TestProject/bin/Debug/AbsRepo_TestProject.DLL" adapterTypeName="Microsoft.VisualStudio.TestTools.TestTypes.Unit.UnitTestAdapter, Microsoft.VisualStudio.QualityTools.Tips.UnitTest.Adapter, Version=10.0.0.0, Culture=neutral, PublicKeyToken=b03f5f7f11d50a3a" className="AbsRepo_TestProject.NotifyServiceTest, AbsRepo_TestProject, Version=1.0.0.0, Culture=neutral, PublicKeyToken=null" name="CheckNotifyAutoTest1" />
    </UnitTest>
  </TestDefinitions>
  <TestLists>
    <TestList name="不在清單中的結果" id="8c84fa94-04c1-424b-9868-57a2d4851a1d" />
    <TestList name="所有載入的結果" id="19431567-8539-422a-85d7-44ee4e166bda" />
  </TestLists>
  <TestEntries>
    <TestEntry testId="5d7baa8b-5d2f-093a-c496-bc25072f3e4d" executionId="0afa1ca4-9434-49df-abd5-f4586c36e4ae" testListId="8c84fa94-04c1-424b-9868-57a2d4851a1d" />
  </TestEntries>
  <Results>
    <UnitTestResult executionId="0afa1ca4-9434-49df-abd5-f4586c36e4ae" testId="5d7baa8b-5d2f-093a-c496-bc25072f3e4d" testName="CheckNotifyAutoTest1" computerName="SHINGO-PC" duration="00:05:16.8681238" startTime="2013-06-07T13:45:03.2522525+08:00" endTime="2013-06-07T13:50:20.1203763+08:00" testType="13cdc9d9-ddb5-4fa4-a97d-d965ccfc6d4b" outcome="Aborted" testListId="8c84fa94-04c1-424b-9868-57a2d4851a1d" relativeResultsDirectory="0afa1ca4-9434-49df-abd5-f4586c36e4ae">
      <DataCollectorMessages>
        <DataCollectorMessage timestamp="2013-06-07T13:49:45.9154199+08:00" dataCollectorUri="datacollector://microsoft/HttpProxy/1.0" dataCollectorFriendlyName="用於 IntelliTrace 及測試影響的 ASP.NET 用戶端 Proxy" agentName="SHINGO-PC" level="Warning">
          <Text>處理 Web 要求時發生錯誤: PRXY0027: 無法連接到 URI: http://promo.msgpluslive.net/listing.php?ra=73e2d8bf&amp;un=0&amp;mp=1125&amp;lg=zh-tw&amp;ten=5 所描述的伺服器。連線嘗試失敗，因為連線對象有一段時間並未正確回應，或是連線建立失敗，因為連線的主機無法回應。 69.170.131.202:80</Text>
        </DataCollectorMessage>
        <DataCollectorMessage timestamp="2013-06-07T13:49:45.9164199+08:00" dataCollectorUri="datacollector://microsoft/HttpProxy/1.0" dataCollectorFriendlyName="用於 IntelliTrace 及測試影響的 ASP.NET 用戶端 Proxy" agentName="SHINGO-PC" level="Warning">
          <Text>處理 Web 要求時發生錯誤: PRXY0020: 傳送訊息到伺服器失敗。連線已被您主機上的軟體中止。</Text>
        </DataCollectorMessage>
      </DataCollectorMessages>
    </UnitTestResult>
  </Results>
</TestRun>