<?xml version="1.0" encoding="UTF-8"?>
<TestRun id="8c095c5c-5b70-4670-869b-59d7d88e1ff0" name="Ming@JB-MING 2013-03-27 17:07:54" runUser="JB-MING\Ming" xmlns="http://microsoft.com/schemas/VisualStudio/TeamTest/2010">
  <TestSettings name="預設測試設定" id="1d785b15-5711-4173-96de-74070a96bc2f">
    <Deployment runDeploymentRoot="Ming_JB-MING 2013-03-27 17_07_54">
      <DeploymentItem filename="D:\SVN\Standard\JBMODULE.MESSAGE\bin\Release\JBModule.Message.dll" />
      <DeploymentItem filename="D:\SVN\Standard\JbHrDll\Bll\bin\Release\Bll.dll" />
      <DeploymentItem filename="D:\SVN\Customer\HOLYSTONE\元件\Dal\bin\Release\Dal.dll" />
    </Deployment>
    <Execution>
      <TestTypeSpecific />
      <AgentRule name="Execution Agents">
      </AgentRule>
    </Execution>
  </TestSettings>
  <Times creation="2013-03-27T17:07:54.2594832+08:00" queuing="2013-03-27T17:07:56.6412779+08:00" start="2013-03-27T17:07:56.9425325+08:00" finish="2013-03-27T17:08:02.9878866+08:00" />
  <ResultSummary outcome="Error">
    <Counters total="1" executed="1" error="0" failed="0" timeout="0" aborted="1" inconclusive="0" passedButRunAborted="0" notRunnable="0" notExecuted="0" disconnected="0" warning="0" passed="0" completed="0" inProgress="0" pending="0" />
    <RunInfos>
      <RunInfo computerName="JB-MING" outcome="Error" timestamp="2013-03-27T17:08:02.9828866+08:00">
        <Text>測試主機處理序在未預期的情況下結束。</Text>
      </RunInfo>
    </RunInfos>
  </ResultSummary>
  <TestDefinitions>
    <UnitTest name="TransCardTest" storage="d:\svn\customer\holystone\元件\daltestproject\bin\release\daltestproject.dll" id="26290293-167e-62c4-2c95-0eaebe906eb5">
      <Execution id="7d4cedb5-356d-46a1-a399-5da341939ce8" />
      <TestMethod codeBase="D:/SVN/Customer/HOLYSTONE/元件/DalTestProject/bin/Release/DalTestProject.DLL" adapterTypeName="Microsoft.VisualStudio.TestTools.TestTypes.Unit.UnitTestAdapter, Microsoft.VisualStudio.QualityTools.Tips.UnitTest.Adapter, Version=10.0.0.0, Culture=neutral, PublicKeyToken=b03f5f7f11d50a3a" className="DalTestProject.TransCardDaoTest, DalTestProject, Version=1.0.0.0, Culture=neutral, PublicKeyToken=null" name="TransCardTest" />
    </UnitTest>
  </TestDefinitions>
  <TestLists>
    <TestList name="不在清單中的結果" id="8c84fa94-04c1-424b-9868-57a2d4851a1d" />
    <TestList name="所有載入的結果" id="19431567-8539-422a-85d7-44ee4e166bda" />
  </TestLists>
  <TestEntries>
    <TestEntry testId="26290293-167e-62c4-2c95-0eaebe906eb5" executionId="7d4cedb5-356d-46a1-a399-5da341939ce8" testListId="8c84fa94-04c1-424b-9868-57a2d4851a1d" />
  </TestEntries>
  <Results>
    <UnitTestResult executionId="7d4cedb5-356d-46a1-a399-5da341939ce8" testId="26290293-167e-62c4-2c95-0eaebe906eb5" testName="TransCardTest" computerName="JB-MING" duration="00:00:05.7590997" startTime="2013-03-27T17:07:57.2262869+08:00" endTime="2013-03-27T17:08:02.9853866+08:00" testType="13cdc9d9-ddb5-4fa4-a97d-d965ccfc6d4b" outcome="Aborted" testListId="8c84fa94-04c1-424b-9868-57a2d4851a1d" relativeResultsDirectory="7d4cedb5-356d-46a1-a399-5da341939ce8">
    </UnitTestResult>
  </Results>
</TestRun>