<?xml version="1.0" encoding="UTF-8"?>
<TestRun id="34e21614-a828-4eb3-a682-009a2202da3a" name="Ming@JB-MING 2013-03-06 13:52:19" runUser="JB-MING\Ming" xmlns="http://microsoft.com/schemas/VisualStudio/TeamTest/2010">
  <TestSettings name="預設測試設定" id="7032352a-00d6-4001-8ae8-4aef24045b9f">
    <Deployment runDeploymentRoot="Ming_JB-MING 2013-03-06 13_52_19">
      <DeploymentItem filename="D:\SVN\Standard\JbHrDll\Bll\bin\Debug\Bll.dll" />
      <DeploymentItem filename="D:\SVN\Standard\JBMODULE.MESSAGE\bin\Debug\JBModule.Message.dll" />
      <DeploymentItem filename="D:\SVN\Customer\HOLYSTONE\元件\Dal\bin\Debug\Dal.dll" />
    </Deployment>
    <Execution>
      <TestTypeSpecific />
      <AgentRule name="Execution Agents">
      </AgentRule>
    </Execution>
  </TestSettings>
  <Times creation="2013-03-06T13:52:19.2900267+08:00" queuing="2013-03-06T13:52:20.4500284+08:00" start="2013-03-06T13:52:20.5500285+08:00" finish="2013-03-06T13:52:25.0760667+08:00" />
  <ResultSummary outcome="Error">
    <Counters total="1" executed="1" error="0" failed="0" timeout="0" aborted="1" inconclusive="0" passedButRunAborted="0" notRunnable="0" notExecuted="0" disconnected="0" warning="0" passed="0" completed="0" inProgress="0" pending="0" />
    <RunInfos>
      <RunInfo computerName="JB-MING" outcome="Error" timestamp="2013-03-06T13:52:25.0710667+08:00">
        <Text>測試主機處理序在未預期的情況下結束。</Text>
      </RunInfo>
    </RunInfos>
  </ResultSummary>
  <TestDefinitions>
    <UnitTest name="TransCardTest" storage="d:\svn\customer\holystone\元件\daltestproject\bin\debug\daltestproject.dll" id="26290293-167e-62c4-2c95-0eaebe906eb5">
      <Execution id="cc632b35-acce-499d-aed0-6a8a54c69eff" />
      <TestMethod codeBase="D:/SVN/Customer/HOLYSTONE/元件/DalTestProject/bin/Debug/DalTestProject.DLL" adapterTypeName="Microsoft.VisualStudio.TestTools.TestTypes.Unit.UnitTestAdapter, Microsoft.VisualStudio.QualityTools.Tips.UnitTest.Adapter, Version=10.0.0.0, Culture=neutral, PublicKeyToken=b03f5f7f11d50a3a" className="DalTestProject.TransCardDaoTest, DalTestProject, Version=1.0.0.0, Culture=neutral, PublicKeyToken=null" name="TransCardTest" />
    </UnitTest>
  </TestDefinitions>
  <TestLists>
    <TestList name="不在清單中的結果" id="8c84fa94-04c1-424b-9868-57a2d4851a1d" />
    <TestList name="所有載入的結果" id="19431567-8539-422a-85d7-44ee4e166bda" />
  </TestLists>
  <TestEntries>
    <TestEntry testId="26290293-167e-62c4-2c95-0eaebe906eb5" executionId="cc632b35-acce-499d-aed0-6a8a54c69eff" testListId="8c84fa94-04c1-424b-9868-57a2d4851a1d" />
  </TestEntries>
  <Results>
    <UnitTestResult executionId="cc632b35-acce-499d-aed0-6a8a54c69eff" testId="26290293-167e-62c4-2c95-0eaebe906eb5" testName="TransCardTest" computerName="JB-MING" duration="00:00:04.4060380" startTime="2013-03-06T13:52:20.6700287+08:00" endTime="2013-03-06T13:52:25.0760667+08:00" testType="13cdc9d9-ddb5-4fa4-a97d-d965ccfc6d4b" outcome="Aborted" testListId="8c84fa94-04c1-424b-9868-57a2d4851a1d" relativeResultsDirectory="cc632b35-acce-499d-aed0-6a8a54c69eff">
    </UnitTestResult>
  </Results>
</TestRun>